<?xml version="1.0" encoding="UTF-8"?>
<testng-results ignored="0" total="3" passed="3" failed="0" skipped="0">
  <reporter-output>
  </reporter-output>
  <suite started-at="2022-06-19T12:51:33Z" name="Command line suite" finished-at="2022-06-19T12:51:53Z" duration-ms="19645">
    <groups>
    </groups>
    <test started-at="2022-06-19T12:51:33Z" name="Command line test" finished-at="2022-06-19T12:51:53Z" duration-ms="19645">
      <class name="SelectDropDownTest">
        <test-method signature="selectTest()[pri:0, instance:SelectDropDownTest@63355449]" started-at="2022-06-19T12:51:47Z" name="selectTest" finished-at="2022-06-19T12:51:50Z" duration-ms="2994" status="PASS">
          <reporter-output>
          </reporter-output>
        </test-method> <!-- selectTest -->
        <test-method is-config="true" signature="driverTermination()[pri:0, instance:SelectDropDownTest@63355449]" started-at="2022-06-19T12:51:50Z" name="driverTermination" finished-at="2022-06-19T12:51:51Z" duration-ms="264" status="PASS">
          <reporter-output>
          </reporter-output>
        </test-method> <!-- driverTermination -->
      </class> <!-- SelectDropDownTest -->
      <class name="LoginTest">
        <test-method is-config="true" signature="beforeTest()[pri:0, instance:LoginTest@7e0b85f9]" started-at="2022-06-19T12:51:33Z" name="beforeTest" finished-at="2022-06-19T12:51:37Z" duration-ms="4490" status="PASS">
          <reporter-output>
          </reporter-output>
        </test-method> <!-- beforeTest -->
        <test-method is-config="true" signature="beforeTest()[pri:0, instance:SelectDropDownTest@63355449]" started-at="2022-06-19T12:51:37Z" name="beforeTest" finished-at="2022-06-19T12:51:40Z" duration-ms="2970" status="PASS">
          <reporter-output>
          </reporter-output>
        </test-method> <!-- beforeTest -->
        <test-method is-config="true" signature="beforeTest()[pri:0, instance:WrongCredentialsTest@9353778]" started-at="2022-06-19T12:51:40Z" name="beforeTest" finished-at="2022-06-19T12:51:44Z" duration-ms="3057" status="PASS">
          <reporter-output>
          </reporter-output>
        </test-method> <!-- beforeTest -->
        <test-method signature="backendTest()[pri:0, instance:LoginTest@7e0b85f9]" started-at="2022-06-19T12:51:44Z" name="backendTest" finished-at="2022-06-19T12:51:47Z" duration-ms="3482" status="PASS">
          <reporter-output>
          </reporter-output>
        </test-method> <!-- backendTest -->
        <test-method is-config="true" signature="driverTermination()[pri:0, instance:LoginTest@7e0b85f9]" started-at="2022-06-19T12:51:47Z" name="driverTermination" finished-at="2022-06-19T12:51:47Z" duration-ms="257" status="PASS">
          <reporter-output>
          </reporter-output>
        </test-method> <!-- driverTermination -->
      </class> <!-- LoginTest -->
      <class name="WrongCredentialsTest">
        <test-method signature="wrongCredentialsTest()[pri:0, instance:WrongCredentialsTest@9353778]" started-at="2022-06-19T12:51:51Z" name="wrongCredentialsTest" finished-at="2022-06-19T12:51:52Z" duration-ms="1855" status="PASS">
          <reporter-output>
          </reporter-output>
        </test-method> <!-- wrongCredentialsTest -->
        <test-method is-config="true" signature="driverTermination()[pri:0, instance:WrongCredentialsTest@9353778]" started-at="2022-06-19T12:51:52Z" name="driverTermination" finished-at="2022-06-19T12:51:53Z" duration-ms="253" status="PASS">
          <reporter-output>
          </reporter-output>
        </test-method> <!-- driverTermination -->
      </class> <!-- WrongCredentialsTest -->
    </test> <!-- Command line test -->
  </suite> <!-- Command line suite -->
</testng-results>
