<?xml version="1.0" encoding="UTF-8"?>
<!-- Generated by org.testng.reporters.JUnitXMLReporter -->
<testsuite ignored="0" hostname="DESKTOP-U3N6UUJ" failures="0" tests="3" name="Command line test" time="19.645" errors="0" timestamp="19 Jun 2022 12:51:53 GMT">
  <testcase classname="LoginTest" name="backendTest" time="3.482"/>
  <testcase classname="SelectDropDownTest" name="selectTest" time="2.994"/>
  <testcase classname="WrongCredentialsTest" name="wrongCredentialsTest" time="1.855"/>
</testsuite> <!-- Command line test -->
